
ROM used: 8418 (26%)
          8418 (26%) including unused fragments

          1 Average locations per line
          4 Average locations per statement

RAM used: 569 (28%) at main() level
          628 (31%) worst case

Stack used: 16 worst case (out of 31 total available)

Lines Stmts  %   Files
----- ----- ---  -----
  345    67   3  Nucleo.c
   85     0   0  Nucleo.h
  457     0   0  I:\Archivos de programa\PICC\Devices\18F4550.h
   37     0   0  I:\Archivos de programa\PICC\Drivers\stdio.h
  409     0   0  I:\Archivos de programa\PICC\Drivers\string.h
   28     0   0  I:\Archivos de programa\PICC\Drivers\stddef.h
   28    99   4  I:\Archivos de programa\PICC\Drivers\ctype.h
 1273   359  16  I:\Archivos de programa\PICC\Drivers\stdlib.h
   33    67   3  comunicacion.h
  298     0   0  usb_desc_cdc.h
 1063     0   0  I:\Archivos de programa\PICC\Drivers\usb.h
  582   137   6  I:\Archivos de programa\PICC\Drivers\usb_cdc.h
  222     0   0  I:\Archivos de programa\PICC\Drivers\pic18_usb.h
  328     0   0  I:\Archivos de programa\PICC\Drivers\usb_hw_layer.h
  279     0   0  I:\Archivos de programa\PICC\Drivers\usb_desc_cdc.h
  808   237  10  I:\Archivos de programa\PICC\Drivers\usb.c
 1281   320  14  I:\Archivos de programa\PICC\Drivers\pic18_usb.c
   82    67   3  ds1307.h
   43     0   0  captura_frecuencia.h
  670     0   0  registros.h
   18    67   3  utilidades.h
   59   108   5  comunicacion.c
   45    67   3  analogo_digital.c
  405   148   6  ds1307.c
  108   136   6  captura_frecuencia.c
  423   262  11  memoria.c
   66    67   3  memoria.h
   43    77   3  utilidades.c
----- -----
 9518  2285 Total

Page ROM  %  RAM   Vol Diff  Functions:
---- --- --- ---   --- ----  ----------
0     32   0   0             @const371
0     32   0   0             @const373
0     48   0   0             @const375
0     48   0   0             @const377
0     84   0   0             @const379
0     18   0   0             @const381
0     32   0   0             @const383
0     34   0   0             @const387
0     68   0   0             @const390
0     68   0   3   133  4.3  usb_tbe
0     38   0   1   134  2.5  usb_detach
0     34   0   0   136  2.2  usb_attach
0      6   0   0    16  1.0  usb_init_cs
0     50   0   1   359  4.6  usb_task
0    220   1   7  1083  5.4  usb_flush_in
0    148   1  10   320  5.5  usb_put_packet
0    192   1   7   899  4.9  usb_flush_out
0     50   0   3    61  2.6  usb_rx_packet_size
0     74   0   4   251  4.6  usb_stall_ep
0     72   0   4   258  4.6  usb_unstall_ep
0     90   1   5   360  5.8  usb_endpoint_stalled
0     26   0   1    88  2.7  usb_set_address
0    416   2  10  1722  9.8  usb_set_configured
0     84   0   3   192  3.2  usb_disable_endpoint
0     30   0   1    93  2.9  usb_disable_endpoints
0      4   0   0    39  2.0  usb_clear_trn
0    136   1   2   638  6.6  usb_isr
0      6   0   0    43  2.0  usb_isr_sof
0     42   0   0   357  4.2  usb_isr_rst
0     32   0   0   508  4.0  usb_init_ep0_setup
0      8   0   0    74  2.8  usb_isr_uerr
0     10   0   0    82  2.8  usb_isr_uidle
0     16   0   0   102  3.3  usb_isr_activity
0     14   0   0   151  3.9  usb_isr_stall
0      6   0   1    30  1.7  usb_request_send_response
0      6   0   0    22  1.2  usb_request_get_data
0      6   0   0    22  1.2  usb_request_stall
0    378   2   5  2031  7.9  usb_isr_tok_dne
0      8   0   0    29  1.9  usb_enumerated
0     44   0   3   248  4.0  usb_token_reset
0     80   0   3   267  5.9  usb_endpoint_is_valid
0     50   0   1   204  3.1  usb_isr_tok_in_dne
0     30   0   1   108  2.5  usb_isr_tok_out_dne
0     52   0   0   336  5.5  usb_isr_tok_setup_dne
0    184   1   0  1454  8.3  usb_isr_tkn_setup_StandardDevice
0    158   1   3   930  7.7  usb_isr_tkn_setup_StandardInterface
0    106   1   0   753  5.8  usb_isr_tkn_setup_StandardEndpoint
0    154   1   0  1088  8.7  usb_Get_Descriptor
0     14   0   0    76  1.8  usb_finish_set_address
0    118   1   4   591  8.6  usb_copy_desc_seg_to_ep
0    112   1   0   477  6.1  usb_isr_tok_out_cdc_control_dne
0    176   1   0  1121  8.3  usb_isr_tkn_cdc
0     28   0   0   174  3.6  usb_isr_tok_out_cdc_data_dne
0     10   0   0    30  1.5  usb_isr_tok_in_cdc_data_dne
0     36   0   0    86  2.1  usb_cdc_flush_out_buffer
0     34   0   0   255  2.3  usb_cdc_init
0     18   0   0    59  2.3  usb_cdc_get_discard
0    106   1   3             @I2C_READ_1
0    118   1   1             @I2C_WRITE_1
0     70   0   1             @PUTCHAR_1_
0    286   2   0   228  2.5  guardar
0     38   0   0             @const1261
0     44   0   3             @DIV88
0    124   1   2             @PRINTF_U_1233
0     42   0   3             @PSTRINGCN_1233
0    128   1  13             @DIV3232
0    196   1  12             @PRINTF_L32U_1233
0     42   0   0   122  3.5  proceso2
0    456   3   0   167  2.1  reloj
0     38   0   2             @PSTRINGR_1233
0    144   1   0   519  5.7  rpm
0      8   0   0    30  1.2  activar_tareas
0      8   0   0    30  1.2  desactivar_tareas
0     40   0   1   129  2.9  sensor_activo
0     62   0   0   330  2.6  iniciar_perifericos
0     88   1   0   436  2.8  setup_devices
0    986   6   0    38  0.8  MAIN
0     22   0   0             @const1286
0     42   0   0   154  2.9  COM_init
0    362   2   3   447  2.3  ds1307_init
 Inline        5   389  2.9  ds1307_get_date
 Inline        4   321  2.8  ds1307_get_time
0     42   0   3   240  6.0  ds1307_bin2bcd
0     42   0   3   157  4.4  ds1307_bcd2bin
0      8   0   0    17  1.3  timer3_isr
0    164   1   4   349  4.7  ccp1_isr
0    164   1   4   349  4.7  ccp2_isr
0     54   0   0   172  2.7  CP_init_ccp
0     58   0   1   225  3.7  CP_activar_captura
0     48   0   0   195  2.7  CP_desativar_captura
0     16   0   0    25  1.3  CP_ocupado
0     18   0   0    25  1.3  CP_done
0     28   0   0    24  1.7  CP_obtener_resultado
0      8   0   0             @const1355
0     26   0   0             @const1362
0     16   0   0             @const1371

Program metrics:
    Functions               73
    Statements              2285
    Comments                4787
    Volume (V)              47265
    Difficilty (D)          278.2
    Effort to implement (E) 13147762
    Time to implement (T)   202 hours, 54 minutes
    Est Delivered Bugs (B)  19
    Cyclomatic Complexity   135
    Maintainability (MI)    80

 Segment     Used  Free
-----------  ----  ----
00000-00002     4  0  
00004-00006     4  0  
00008-000D0   202  0  
000D2-07FFE  8208  24350  



